0 info it worked if it ends with ok
1 verbose cli [ '/usr/local/bin/node', '/usr/local/bin/npm', 'run', 'test' ]
2 info using npm@3.7.3
3 info using node@v5.9.1
4 verbose run-script [ 'pretest', 'test', 'posttest' ]
5 info lifecycle mongdb@1.0.0~pretest: mongdb@1.0.0
6 silly lifecycle mongdb@1.0.0~pretest: no script for pretest, continuing
7 info lifecycle mongdb@1.0.0~test: mongdb@1.0.0
8 verbose lifecycle mongdb@1.0.0~test: unsafe-perm in lifecycle true
9 verbose lifecycle mongdb@1.0.0~test: PATH: /usr/local/lib/node_modules/npm/bin/node-gyp-bin:/Users/aravinth/Documents/MongoDB_Tutorial/node_modules/.bin:/usr/local/bin:/Users/aravinth/Documents/cloud-sdk/google-cloud-sdk/bin:/Library/Java/JavaVirtualMachines/jdk1.8.0_73.jdk/Contents/Home/jre/bin:/usr/bin:/bin:/usr/sbin:/sbin:/usr/local/bin:/Users/aravinth/Documents/cloud-sdk/google-cloud-sdk/bin:/Library/Java/JavaVirtualMachines/jdk1.8.0_73.jdk/Contents/Home/jre/bin:/Users/aravinth/Documents/apache-maven-3.3.9/bin:/Users/aravinth/Documents/appengine-java-sdk-1.9.42/bin:/Users/aravinth/Documents/apache-maven-3.3.9/bin:/Users/aravinth/Documents/appengine-java-sdk-1.9.42/bin
10 verbose lifecycle mongdb@1.0.0~test: CWD: /Users/aravinth/Documents/MongoDB_Tutorial
11 silly lifecycle mongdb@1.0.0~test: Args: [ '-c', 'nodemon --exec \'mocha -R min\'' ]
12 silly lifecycle mongdb@1.0.0~test: Returned: code: 1  signal: null
13 info lifecycle mongdb@1.0.0~test: Failed to exec test script
14 verbose stack Error: mongdb@1.0.0 test: `nodemon --exec 'mocha -R min'`
14 verbose stack Exit status 1
14 verbose stack     at EventEmitter.<anonymous> (/usr/local/lib/node_modules/npm/lib/utils/lifecycle.js:239:16)
14 verbose stack     at emitTwo (events.js:100:13)
14 verbose stack     at EventEmitter.emit (events.js:185:7)
14 verbose stack     at ChildProcess.<anonymous> (/usr/local/lib/node_modules/npm/lib/utils/spawn.js:24:14)
14 verbose stack     at emitTwo (events.js:100:13)
14 verbose stack     at ChildProcess.emit (events.js:185:7)
14 verbose stack     at maybeClose (internal/child_process.js:850:16)
14 verbose stack     at Process.ChildProcess._handle.onexit (internal/child_process.js:215:5)
15 verbose pkgid mongdb@1.0.0
16 verbose cwd /Users/aravinth/Documents/MongoDB_Tutorial
17 error Darwin 15.4.0
18 error argv "/usr/local/bin/node" "/usr/local/bin/npm" "run" "test"
19 error node v5.9.1
20 error npm  v3.7.3
21 error code ELIFECYCLE
22 error mongdb@1.0.0 test: `nodemon --exec 'mocha -R min'`
22 error Exit status 1
23 error Failed at the mongdb@1.0.0 test script 'nodemon --exec 'mocha -R min''.
23 error Make sure you have the latest version of node.js and npm installed.
23 error If you do, this is most likely a problem with the mongdb package,
23 error not with npm itself.
23 error Tell the author that this fails on your system:
23 error     nodemon --exec 'mocha -R min'
23 error You can get information on how to open an issue for this project with:
23 error     npm bugs mongdb
23 error Or if that isn't available, you can get their info via:
23 error     npm owner ls mongdb
23 error There is likely additional logging output above.
24 verbose exit [ 1, true ]
